# JRE version: OpenJDK Runtime Environment (11.0.13) (build 11.0.13+0-b1751.21-8125866)
# Java VM: OpenJDK 64-Bit Server VM (11.0.13+0-b1751.21-8125866, mixed mode, tiered, compressed oops, g1 gc, windows-amd64)
Heap:
 garbage-first heap   total 118784K, used 44131K [0x0000000080000000, 0x0000000100000000)
  region size 1024K, 19 young (19456K), 4 survivors (4096K)
 Metaspace       used 47736K, capacity 48877K, committed 49104K, reserved 1091584K
  class space    used 6056K, capacity 6525K, committed 6528K, reserved 1048576K
GC Heap History (20 events):
Event: 0.635 GC heap before
{Heap before GC invocations=0 (full 0):
 garbage-first heap   total 98304K, used 29696K [0x0000000080000000, 0x0000000100000000)
  region size 1024K, 24 young (24576K), 0 survivors (0K)
 Metaspace       used 9580K, capacity 9856K, committed 9984K, reserved 1058816K
  class space    used 936K, capacity 1009K, committed 1024K, reserved 1048576K
}
Event: 0.641 GC heap after
{Heap after GC invocations=1 (full 0):
 garbage-first heap   total 98304K, used 9006K [0x0000000080000000, 0x0000000100000000)
  region size 1024K, 3 young (3072K), 3 survivors (3072K)
 Metaspace       used 9580K, capacity 9856K, committed 9984K, reserved 1058816K
  class space    used 936K, capacity 1009K, committed 1024K, reserved 1048576K
}
Event: 1.204 GC heap before
{Heap before GC invocations=1 (full 0):
 garbage-first heap   total 98304K, used 64302K [0x0000000080000000, 0x0000000100000000)
  region size 1024K, 57 young (58368K), 3 survivors (3072K)
 Metaspace       used 11403K, capacity 11718K, committed 11776K, reserved 1060864K
  class space    used 1170K, capacity 1246K, committed 1280K, reserved 1048576K
}
Event: 1.211 GC heap after
{Heap after GC invocations=2 (full 0):
 garbage-first heap   total 98304K, used 13889K [0x0000000080000000, 0x0000000100000000)
  region size 1024K, 8 young (8192K), 8 survivors (8192K)
 Metaspace       used 11403K, capacity 11718K, committed 11776K, reserved 1060864K
  class space    used 1170K, capacity 1246K, committed 1280K, reserved 1048576K
}
Event: 2.899 GC heap before
{Heap before GC invocations=2 (full 0):
 garbage-first heap   total 98304K, used 63041K [0x0000000080000000, 0x0000000100000000)
  region size 1024K, 57 young (58368K), 8 survivors (8192K)
 Metaspace       used 19109K, capacity 19506K, committed 19712K, reserved 1067008K
  class space    used 2293K, capacity 2441K, committed 2560K, reserved 1048576K
}
Event: 2.906 GC heap after
{Heap after GC invocations=3 (full 0):
 garbage-first heap   total 98304K, used 16956K [0x0000000080000000, 0x0000000100000000)
  region size 1024K, 3 young (3072K), 3 survivors (3072K)
 Metaspace       used 19109K, capacity 19506K, committed 19712K, reserved 1067008K
  class space    used 2293K, capacity 2441K, committed 2560K, reserved 1048576K
}
Event: 3.129 GC heap before
{Heap before GC invocations=3 (full 0):
 garbage-first heap   total 98304K, used 32316K [0x0000000080000000, 0x0000000100000000)
  region size 1024K, 19 young (19456K), 3 survivors (3072K)
 Metaspace       used 20748K, capacity 21152K, committed 21296K, reserved 1069056K
  class space    used 2520K, capacity 2649K, committed 2688K, reserved 1048576K
}
Event: 3.133 GC heap after
{Heap after GC invocations=4 (full 0):
 garbage-first heap   total 98304K, used 17452K [0x0000000080000000, 0x0000000100000000)
  region size 1024K, 4 young (4096K), 4 survivors (4096K)
 Metaspace       used 20748K, capacity 21152K, committed 21296K, reserved 1069056K
  class space    used 2520K, capacity 2649K, committed 2688K, reserved 1048576K
}
Event: 3.543 GC heap before
{Heap before GC invocations=5 (full 0):
 garbage-first heap   total 98304K, used 58412K [0x0000000080000000, 0x0000000100000000)
  region size 1024K, 44 young (45056K), 4 survivors (4096K)
 Metaspace       used 24428K, capacity 25031K, committed 25264K, reserved 1071104K
  class space    used 3107K, capacity 3287K, committed 3328K, reserved 1048576K
}
Event: 3.547 GC heap after
{Heap after GC invocations=6 (full 0):
 garbage-first heap   total 98304K, used 18590K [0x0000000080000000, 0x0000000100000000)
  region size 1024K, 2 young (2048K), 2 survivors (2048K)
 Metaspace       used 24428K, capacity 25031K, committed 25264K, reserved 1071104K
  class space    used 3107K, capacity 3287K, committed 3328K, reserved 1048576K
}
Event: 4.008 GC heap before
{Heap before GC invocations=6 (full 0):
 garbage-first heap   total 98304K, used 62622K [0x0000000080000000, 0x0000000100000000)
  region size 1024K, 45 young (46080K), 2 survivors (2048K)
 Metaspace       used 28518K, capacity 29219K, committed 29360K, reserved 1075200K
  class space    used 3728K, capacity 3989K, committed 4096K, reserved 1048576K
}
Event: 4.012 GC heap after
{Heap after GC invocations=7 (full 0):
 garbage-first heap   total 98304K, used 19901K [0x0000000080000000, 0x0000000100000000)
  region size 1024K, 4 young (4096K), 4 survivors (4096K)
 Metaspace       used 28518K, capacity 29219K, committed 29360K, reserved 1075200K
  class space    used 3728K, capacity 3989K, committed 4096K, reserved 1048576K
}
Event: 4.571 GC heap before
{Heap before GC invocations=7 (full 0):
 garbage-first heap   total 98304K, used 58813K [0x0000000080000000, 0x0000000100000000)
  region size 1024K, 43 young (44032K), 4 survivors (4096K)
 Metaspace       used 35016K, capacity 35761K, committed 35920K, reserved 1081344K
  class space    used 4493K, capacity 4788K, committed 4864K, reserved 1048576K
}
Event: 4.577 GC heap after
{Heap after GC invocations=8 (full 0):
 garbage-first heap   total 98304K, used 22647K [0x0000000080000000, 0x0000000100000000)
  region size 1024K, 6 young (6144K), 6 survivors (6144K)
 Metaspace       used 35016K, capacity 35761K, committed 35920K, reserved 1081344K
  class space    used 4493K, capacity 4788K, committed 4864K, reserved 1048576K
}
Event: 5.095 GC heap before
{Heap before GC invocations=9 (full 0):
 garbage-first heap   total 98304K, used 69751K [0x0000000080000000, 0x0000000100000000)
  region size 1024K, 50 young (51200K), 6 survivors (6144K)
 Metaspace       used 39204K, capacity 40122K, committed 40272K, reserved 1085440K
  class space    used 4937K, capacity 5257K, committed 5376K, reserved 1048576K
}
Event: 5.102 GC heap after
{Heap after GC invocations=10 (full 0):
 garbage-first heap   total 98304K, used 26614K [0x0000000080000000, 0x0000000100000000)
  region size 1024K, 7 young (7168K), 7 survivors (7168K)
 Metaspace       used 39204K, capacity 40122K, committed 40272K, reserved 1085440K
  class space    used 4937K, capacity 5257K, committed 5376K, reserved 1048576K
}
Event: 5.578 GC heap before
{Heap before GC invocations=10 (full 0):
 garbage-first heap   total 98304K, used 70646K [0x0000000080000000, 0x0000000100000000)
  region size 1024K, 50 young (51200K), 7 survivors (7168K)
 Metaspace       used 42159K, capacity 43107K, committed 43216K, reserved 1087488K
  class space    used 5369K, capacity 5730K, committed 5760K, reserved 1048576K
}
Event: 5.584 GC heap after
{Heap after GC invocations=11 (full 0):
 garbage-first heap   total 118784K, used 28435K [0x0000000080000000, 0x0000000100000000)
  region size 1024K, 3 young (3072K), 3 survivors (3072K)
 Metaspace       used 42159K, capacity 43107K, committed 43216K, reserved 1087488K
  class space    used 5369K, capacity 5730K, committed 5760K, reserved 1048576K
}
Event: 6.178 GC heap before
{Heap before GC invocations=11 (full 0):
 garbage-first heap   total 118784K, used 83731K [0x0000000080000000, 0x0000000100000000)
  region size 1024K, 56 young (57344K), 3 survivors (3072K)
 Metaspace       used 46736K, capacity 47844K, committed 47952K, reserved 1091584K
  class space    used 5935K, capacity 6350K, committed 6400K, reserved 1048576K
}
Event: 6.182 GC heap after
{Heap after GC invocations=12 (full 0):
 garbage-first heap   total 118784K, used 29795K [0x0000000080000000, 0x0000000100000000)
  region size 1024K, 4 young (4096K), 4 survivors (4096K)
 Metaspace       used 46736K, capacity 47844K, committed 47952K, reserved 1091584K
  class space    used 5935K, capacity 6350K, committed 6400K, reserved 1048576K
}

