# JRE version: OpenJDK Runtime Environment (11.0.13) (build 11.0.13+0-b1751.21-8125866)
# Java VM: OpenJDK 64-Bit Server VM (11.0.13+0-b1751.21-8125866, mixed mode, tiered, compressed oops, g1 gc, windows-amd64)
Heap:
 garbage-first heap   total 149504K, used 112390K [0x0000000080000000, 0x0000000100000000)
  region size 1024K, 2 young (2048K), 2 survivors (2048K)
 Metaspace       used 78947K, capacity 80909K, committed 81020K, reserved 1128448K
  class space    used 10208K, capacity 10893K, committed 10956K, reserved 1048576K
GC Heap History (20 events):
Event: 39.703 GC heap before
{Heap before GC invocations=58 (full 0):
 garbage-first heap   total 149504K, used 108638K [0x0000000080000000, 0x0000000100000000)
  region size 1024K, 13 young (13312K), 3 survivors (3072K)
 Metaspace       used 68805K, capacity 70589K, committed 70780K, reserved 1110016K
  class space    used 8703K, capacity 9375K, committed 9420K, reserved 1048576K
}
Event: 39.711 GC heap after
{Heap after GC invocations=59 (full 0):
 garbage-first heap   total 149504K, used 102153K [0x0000000080000000, 0x0000000100000000)
  region size 1024K, 3 young (3072K), 3 survivors (3072K)
 Metaspace       used 68805K, capacity 70589K, committed 70780K, reserved 1110016K
  class space    used 8703K, capacity 9375K, committed 9420K, reserved 1048576K
}
Event: 40.117 GC heap before
{Heap before GC invocations=60 (full 0):
 garbage-first heap   total 149504K, used 129801K [0x0000000080000000, 0x0000000100000000)
  region size 1024K, 24 young (24576K), 3 survivors (3072K)
 Metaspace       used 69354K, capacity 71177K, committed 71420K, reserved 1112064K
  class space    used 8797K, capacity 9441K, committed 9548K, reserved 1048576K
}
Event: 40.124 GC heap after
{Heap after GC invocations=61 (full 0):
 garbage-first heap   total 149504K, used 104010K [0x0000000080000000, 0x0000000100000000)
  region size 1024K, 3 young (3072K), 3 survivors (3072K)
 Metaspace       used 69354K, capacity 71177K, committed 71420K, reserved 1112064K
  class space    used 8797K, capacity 9441K, committed 9548K, reserved 1048576K
}
Event: 40.923 GC heap before
{Heap before GC invocations=61 (full 0):
 garbage-first heap   total 149504K, used 124490K [0x0000000080000000, 0x0000000100000000)
  region size 1024K, 23 young (23552K), 3 survivors (3072K)
 Metaspace       used 71207K, capacity 73069K, committed 73340K, reserved 1114112K
  class space    used 9005K, capacity 9640K, committed 9676K, reserved 1048576K
}
Event: 40.928 GC heap after
{Heap after GC invocations=62 (full 0):
 garbage-first heap   total 149504K, used 105235K [0x0000000080000000, 0x0000000100000000)
  region size 1024K, 2 young (2048K), 2 survivors (2048K)
 Metaspace       used 71207K, capacity 73069K, committed 73340K, reserved 1114112K
  class space    used 9005K, capacity 9640K, committed 9676K, reserved 1048576K
}
Event: 41.587 GC heap before
{Heap before GC invocations=63 (full 0):
 garbage-first heap   total 149504K, used 123667K [0x0000000080000000, 0x0000000100000000)
  region size 1024K, 21 young (21504K), 2 survivors (2048K)
 Metaspace       used 72500K, capacity 74364K, committed 74620K, reserved 1114112K
  class space    used 9177K, capacity 9835K, committed 9932K, reserved 1048576K
}
Event: 41.593 GC heap after
{Heap after GC invocations=64 (full 0):
 garbage-first heap   total 149504K, used 106527K [0x0000000080000000, 0x0000000100000000)
  region size 1024K, 3 young (3072K), 3 survivors (3072K)
 Metaspace       used 72500K, capacity 74364K, committed 74620K, reserved 1114112K
  class space    used 9177K, capacity 9835K, committed 9932K, reserved 1048576K
}
Event: 42.405 GC heap before
{Heap before GC invocations=65 (full 0):
 garbage-first heap   total 149504K, used 127007K [0x0000000080000000, 0x0000000100000000)
  region size 1024K, 22 young (22528K), 3 survivors (3072K)
 Metaspace       used 73437K, capacity 75325K, committed 75516K, reserved 1114112K
  class space    used 9319K, capacity 9978K, committed 10060K, reserved 1048576K
}
Event: 42.409 GC heap after
{Heap after GC invocations=66 (full 0):
 garbage-first heap   total 149504K, used 107817K [0x0000000080000000, 0x0000000100000000)
  region size 1024K, 3 young (3072K), 3 survivors (3072K)
 Metaspace       used 73437K, capacity 75325K, committed 75516K, reserved 1114112K
  class space    used 9319K, capacity 9978K, committed 10060K, reserved 1048576K
}
Event: 42.680 GC heap before
{Heap before GC invocations=66 (full 0):
 garbage-first heap   total 149504K, used 127273K [0x0000000080000000, 0x0000000100000000)
  region size 1024K, 22 young (22528K), 3 survivors (3072K)
 Metaspace       used 73479K, capacity 75423K, committed 75516K, reserved 1114112K
  class space    used 9324K, capacity 10012K, committed 10060K, reserved 1048576K
}
Event: 42.689 GC heap after
{Heap after GC invocations=67 (full 0):
 garbage-first heap   total 149504K, used 108859K [0x0000000080000000, 0x0000000100000000)
  region size 1024K, 3 young (3072K), 3 survivors (3072K)
 Metaspace       used 73479K, capacity 75423K, committed 75516K, reserved 1114112K
  class space    used 9324K, capacity 10012K, committed 10060K, reserved 1048576K
}
Event: 43.275 GC heap before
{Heap before GC invocations=68 (full 0):
 garbage-first heap   total 149504K, used 127291K [0x0000000080000000, 0x0000000100000000)
  region size 1024K, 21 young (21504K), 3 survivors (3072K)
 Metaspace       used 74478K, capacity 76449K, committed 76668K, reserved 1116160K
  class space    used 9445K, capacity 10140K, committed 10188K, reserved 1048576K
}
Event: 43.282 GC heap after
{Heap after GC invocations=69 (full 0):
 garbage-first heap   total 149504K, used 109938K [0x0000000080000000, 0x0000000100000000)
  region size 1024K, 3 young (3072K), 3 survivors (3072K)
 Metaspace       used 74478K, capacity 76449K, committed 76668K, reserved 1116160K
  class space    used 9445K, capacity 10140K, committed 10188K, reserved 1048576K
}
Event: 44.134 GC heap before
{Heap before GC invocations=69 (full 0):
 garbage-first heap   total 149504K, used 127346K [0x0000000080000000, 0x0000000100000000)
  region size 1024K, 20 young (20480K), 3 survivors (3072K)
 Metaspace       used 76404K, capacity 78312K, committed 78588K, reserved 1118208K
  class space    used 9771K, capacity 10463K, committed 10572K, reserved 1048576K
}
Event: 44.139 GC heap after
{Heap after GC invocations=70 (full 0):
 garbage-first heap   total 149504K, used 110955K [0x0000000080000000, 0x0000000100000000)
  region size 1024K, 3 young (3072K), 3 survivors (3072K)
 Metaspace       used 76404K, capacity 78312K, committed 78588K, reserved 1118208K
  class space    used 9771K, capacity 10463K, committed 10572K, reserved 1048576K
}
Event: 45.350 GC heap before
{Heap before GC invocations=71 (full 0):
 garbage-first heap   total 149504K, used 128363K [0x0000000080000000, 0x0000000100000000)
  region size 1024K, 20 young (20480K), 3 survivors (3072K)
 Metaspace       used 78490K, capacity 80437K, committed 80764K, reserved 1120256K
  class space    used 10144K, capacity 10825K, committed 10956K, reserved 1048576K
}
Event: 45.358 GC heap after
{Heap after GC invocations=72 (full 0):
 garbage-first heap   total 149504K, used 112115K [0x0000000080000000, 0x0000000100000000)
  region size 1024K, 3 young (3072K), 3 survivors (3072K)
 Metaspace       used 78490K, capacity 80437K, committed 80764K, reserved 1120256K
  class space    used 10144K, capacity 10825K, committed 10956K, reserved 1048576K
}
Event: 45.679 GC heap before
{Heap before GC invocations=72 (full 0):
 garbage-first heap   total 149504K, used 116211K [0x0000000080000000, 0x0000000100000000)
  region size 1024K, 8 young (8192K), 3 survivors (3072K)
 Metaspace       used 78947K, capacity 80909K, committed 81020K, reserved 1126400K
  class space    used 10208K, capacity 10893K, committed 10956K, reserved 1048576K
}
Event: 45.684 GC heap after
{Heap after GC invocations=73 (full 0):
 garbage-first heap   total 149504K, used 112390K [0x0000000080000000, 0x0000000100000000)
  region size 1024K, 2 young (2048K), 2 survivors (2048K)
 Metaspace       used 78947K, capacity 80909K, committed 81020K, reserved 1126400K
  class space    used 10208K, capacity 10893K, committed 10956K, reserved 1048576K
}

